<?xml version="1.0" encoding="UTF-8"?>
<coverage generated="1707819925529" clover="3.2.0">
  <project timestamp="1707819925529" name="All files">
    <metrics statements="101" coveredstatements="88" conditionals="52" coveredconditionals="43" methods="43" coveredmethods="33" elements="196" coveredelements="164" complexity="0" loc="101" ncloc="101" packages="7" files="7" classes="7"/>
    <package name="components.Select">
      <metrics statements="19" coveredstatements="18" conditionals="16" coveredconditionals="15" methods="8" coveredmethods="7"/>
      <file name="index.js" path="/Users/charlotte/FORMATION OCR/Projet 10/Debuggez-une-application-React.JS/src/components/Select/index.js">
        <metrics statements="19" coveredstatements="18" conditionals="16" coveredconditionals="15" methods="8" coveredmethods="7"/>
        <line num="8" count="4" type="stmt"/>
        <line num="16" count="23" type="stmt"/>
        <line num="17" count="23" type="stmt"/>
        <line num="18" count="23" type="stmt"/>
        <line num="19" count="3" type="stmt"/>
        <line num="20" count="3" type="stmt"/>
        <line num="21" count="3" type="stmt"/>
        <line num="22" count="3" type="stmt"/>
        <line num="23" count="3" type="stmt"/>
        <line num="26" count="23" type="stmt"/>
        <line num="37" count="1" type="stmt"/>
        <line num="43" count="8" type="stmt"/>
        <line num="61" count="4" type="stmt"/>
        <line num="62" count="4" type="stmt"/>
        <line num="72" count="4" type="stmt"/>
        <line num="73" count="23" type="stmt"/>
        <line num="87" count="4" type="stmt"/>
        <line num="96" count="4" type="stmt"/>
        <line num="97" count="0" type="stmt"/>
      </file>
    </package>
    <package name="containers.Events">
      <metrics statements="21" coveredstatements="20" conditionals="20" coveredconditionals="17" methods="10" coveredmethods="8"/>
      <file name="index.js" path="/Users/charlotte/FORMATION OCR/Projet 10/Debuggez-une-application-React.JS/src/containers/Events/index.js">
        <metrics statements="21" coveredstatements="20" conditionals="20" coveredconditionals="17" methods="10" coveredmethods="8"/>
        <line num="10" count="2" type="stmt"/>
        <line num="12" count="2" type="stmt"/>
        <line num="13" count="5" type="stmt"/>
        <line num="14" count="5" type="stmt"/>
        <line num="15" count="5" type="stmt"/>
        <line num="16" count="5" type="stmt"/>
        <line num="21" count="4" type="cond" truecount="1" falsecount="1"/>
        <line num="26" count="4" type="cond" truecount="4" falsecount="0"/>
        <line num="27" count="3" type="stmt"/>
        <line num="30" count="1" type="stmt"/>
        <line num="32" count="5" type="stmt"/>
        <line num="33" count="1" type="stmt"/>
        <line num="34" count="1" type="stmt"/>
        <line num="36" count="5" type="cond" truecount="2" falsecount="0"/>
        <line num="37" count="5" type="stmt"/>
        <line num="39" count="5" type="stmt"/>
        <line num="49" count="1" type="stmt"/>
        <line num="54" count="3" type="stmt"/>
        <line num="56" count="3" type="stmt"/>
        <line num="57" count="0" type="stmt"/>
        <line num="70" count="4" type="stmt"/>
      </file>
    </package>
    <package name="containers.Form">
      <metrics statements="18" coveredstatements="14" conditionals="2" coveredconditionals="2" methods="7" coveredmethods="4"/>
      <file name="index.js" path="/Users/charlotte/FORMATION OCR/Projet 10/Debuggez-une-application-React.JS/src/containers/Form/index.js">
        <metrics statements="18" coveredstatements="14" conditionals="2" coveredconditionals="2" methods="7" coveredmethods="4"/>
        <line num="7" count="2" type="stmt"/>
        <line num="10" count="2" type="stmt"/>
        <line num="11" count="8" type="stmt"/>
        <line num="12" count="8" type="stmt"/>
        <line num="14" count="2" type="stmt"/>
        <line num="15" count="2" type="stmt"/>
        <line num="17" count="2" type="stmt"/>
        <line num="18" count="2" type="stmt"/>
        <line num="19" count="2" type="stmt"/>
        <line num="20" count="2" type="stmt"/>
        <line num="22" count="0" type="stmt"/>
        <line num="24" count="2" type="stmt"/>
        <line num="28" count="8" type="stmt"/>
        <line num="36" count="0" type="stmt"/>
        <line num="58" count="2" type="stmt"/>
        <line num="63" count="2" type="stmt"/>
        <line num="64" count="0" type="stmt"/>
        <line num="65" count="0" type="stmt"/>
      </file>
    </package>
    <package name="containers.Slider">
      <metrics statements="14" coveredstatements="13" conditionals="8" coveredconditionals="6" methods="7" coveredmethods="6"/>
      <file name="index.js" path="/Users/charlotte/FORMATION OCR/Projet 10/Debuggez-une-application-React.JS/src/containers/Slider/index.js">
        <metrics statements="14" coveredstatements="13" conditionals="8" coveredconditionals="6" methods="7" coveredmethods="6"/>
        <line num="7" count="2" type="stmt"/>
        <line num="8" count="4" type="stmt"/>
        <line num="10" count="4" type="stmt"/>
        <line num="11" count="4" type="stmt"/>
        <line num="12" count="4" type="cond" truecount="2" falsecount="0"/>
        <line num="14" count="4" type="stmt"/>
        <line num="15" count="4" type="cond" truecount="2" falsecount="0"/>
        <line num="16" count="1" type="stmt"/>
        <line num="17" count="0" type="cond" truecount="0" falsecount="2"/>
        <line num="21" count="4" type="stmt"/>
        <line num="22" count="4" type="stmt"/>
        <line num="25" count="4" type="stmt"/>
        <line num="28" count="3" type="stmt"/>
        <line num="46" count="9" type="stmt"/>
      </file>
    </package>
    <package name="contexts.DataContext">
      <metrics statements="17" coveredstatements="15" conditionals="2" coveredconditionals="2" methods="5" coveredmethods="4"/>
      <file name="index.js" path="/Users/charlotte/FORMATION OCR/Projet 10/Debuggez-une-application-React.JS/src/contexts/DataContext/index.js">
        <metrics statements="17" coveredstatements="15" conditionals="2" coveredconditionals="2" methods="5" coveredmethods="4"/>
        <line num="10" count="4" type="stmt"/>
        <line num="12" count="4" type="stmt"/>
        <line num="14" count="0" type="stmt"/>
        <line num="15" count="0" type="stmt"/>
        <line num="19" count="4" type="stmt"/>
        <line num="20" count="9" type="stmt"/>
        <line num="21" count="9" type="stmt"/>
        <line num="22" count="9" type="stmt"/>
        <line num="23" count="6" type="stmt"/>
        <line num="24" count="6" type="stmt"/>
        <line num="26" count="2" type="stmt"/>
        <line num="29" count="9" type="stmt"/>
        <line num="30" count="9" type="cond" truecount="2" falsecount="0"/>
        <line num="31" count="6" type="stmt"/>
        <line num="34" count="9" type="stmt"/>
        <line num="47" count="4" type="stmt"/>
        <line num="51" count="16" type="stmt"/>
      </file>
    </package>
    <package name="helpers.Date">
      <metrics statements="2" coveredstatements="2" conditionals="0" coveredconditionals="0" methods="1" coveredmethods="1"/>
      <file name="index.js" path="/Users/charlotte/FORMATION OCR/Projet 10/Debuggez-une-application-React.JS/src/helpers/Date/index.js">
        <metrics statements="2" coveredstatements="2" conditionals="0" coveredconditionals="0" methods="1" coveredmethods="1"/>
        <line num="1" count="4" type="stmt"/>
        <line num="16" count="9" type="stmt"/>
      </file>
    </package>
    <package name="pages.Home">
      <metrics statements="10" coveredstatements="6" conditionals="4" coveredconditionals="1" methods="5" coveredmethods="3"/>
      <file name="index.js" path="/Users/charlotte/FORMATION OCR/Projet 10/Debuggez-une-application-React.JS/src/pages/Home/index.js">
        <metrics statements="10" coveredstatements="6" conditionals="4" coveredconditionals="1" methods="5" coveredmethods="3"/>
        <line num="15" count="1" type="stmt"/>
        <line num="16" count="2" type="stmt"/>
        <line num="19" count="2" type="stmt"/>
        <line num="20" count="0" type="stmt"/>
        <line num="21" count="0" type="stmt"/>
        <line num="22" count="0" type="cond" truecount="0" falsecount="2"/>
        <line num="26" count="2" type="stmt"/>
        <line num="117" count="3" type="stmt"/>
        <line num="118" count="1" type="stmt"/>
        <line num="119" count="0" type="stmt"/>
      </file>
    </package>
  </project>
</coverage>
