{"/Users/charlotte/FORMATION OCR/Projet 10/Debuggez-une-application-React.JS/src/components/Select/index.js": {"path":"/Users/charlotte/FORMATION OCR/Projet 10/Debuggez-une-application-React.JS/src/components/Select/index.js","statementMap":{"0":{"start":{"line":8,"column":15},"end":{"line":70,"column":1}},"1":{"start":{"line":16,"column":28},"end":{"line":16,"column":38}},"2":{"start":{"line":17,"column":36},"end":{"line":17,"column":50}},"3":{"start":{"line":18,"column":22},"end":{"line":24,"column":3}},"4":{"start":{"line":19,"column":4},"end":{"line":19,"column":25}},"5":{"start":{"line":20,"column":4},"end":{"line":20,"column":23}},"6":{"start":{"line":21,"column":4},"end":{"line":21,"column":23}},"7":{"start":{"line":22,"column":4},"end":{"line":22,"column":23}},"8":{"start":{"line":23,"column":4},"end":{"line":23,"column":22}},"9":{"start":{"line":26,"column":2},"end":{"line":69,"column":4}},"10":{"start":{"line":37,"column":35},"end":{"line":37,"column":52}},"11":{"start":{"line":43,"column":16},"end":{"line":50,"column":21}},"12":{"start":{"line":43,"column":43},"end":{"line":43,"column":57}},"13":{"start":{"line":61,"column":12},"end":{"line":61,"column":31}},"14":{"start":{"line":62,"column":12},"end":{"line":62,"column":37}},"15":{"start":{"line":72,"column":14},"end":{"line":85,"column":1}},"16":{"start":{"line":73,"column":2},"end":{"line":84,"column":8}},"17":{"start":{"line":87,"column":0},"end":{"line":94,"column":1}},"18":{"start":{"line":96,"column":0},"end":{"line":102,"column":1}},"19":{"start":{"line":97,"column":18},"end":{"line":97,"column":22}}},"fnMap":{"0":{"name":"(anonymous_0)","decl":{"start":{"line":8,"column":15},"end":{"line":8,"column":16}},"loc":{"start":{"line":15,"column":6},"end":{"line":70,"column":1}},"line":15},"1":{"name":"(anonymous_1)","decl":{"start":{"line":18,"column":22},"end":{"line":18,"column":23}},"loc":{"start":{"line":18,"column":36},"end":{"line":24,"column":3}},"line":18},"2":{"name":"(anonymous_2)","decl":{"start":{"line":37,"column":29},"end":{"line":37,"column":30}},"loc":{"start":{"line":37,"column":35},"end":{"line":37,"column":52}},"line":37},"3":{"name":"(anonymous_3)","decl":{"start":{"line":42,"column":29},"end":{"line":42,"column":30}},"loc":{"start":{"line":43,"column":16},"end":{"line":50,"column":21}},"line":43},"4":{"name":"(anonymous_4)","decl":{"start":{"line":43,"column":37},"end":{"line":43,"column":38}},"loc":{"start":{"line":43,"column":43},"end":{"line":43,"column":57}},"line":43},"5":{"name":"(anonymous_5)","decl":{"start":{"line":60,"column":19},"end":{"line":60,"column":20}},"loc":{"start":{"line":60,"column":26},"end":{"line":63,"column":11}},"line":60},"6":{"name":"(anonymous_6)","decl":{"start":{"line":72,"column":14},"end":{"line":72,"column":15}},"loc":{"start":{"line":73,"column":2},"end":{"line":84,"column":8}},"line":73},"7":{"name":"(anonymous_7)","decl":{"start":{"line":97,"column":12},"end":{"line":97,"column":13}},"loc":{"start":{"line":97,"column":18},"end":{"line":97,"column":22}},"line":97}},"branchMap":{"0":{"loc":{"start":{"line":14,"column":2},"end":{"line":14,"column":17}},"type":"default-arg","locations":[{"start":{"line":14,"column":9},"end":{"line":14,"column":17}}],"line":14},"1":{"loc":{"start":{"line":28,"column":7},"end":{"line":28,"column":52}},"type":"binary-expr","locations":[{"start":{"line":28,"column":7},"end":{"line":28,"column":12}},{"start":{"line":28,"column":16},"end":{"line":28,"column":52}}],"line":28},"2":{"loc":{"start":{"line":31,"column":25},"end":{"line":31,"column":78}},"type":"cond-expr","locations":[{"start":{"line":31,"column":37},"end":{"line":31,"column":56}},{"start":{"line":31,"column":59},"end":{"line":31,"column":78}}],"line":31},"3":{"loc":{"start":{"line":32,"column":13},"end":{"line":32,"column":47}},"type":"binary-expr","locations":[{"start":{"line":32,"column":13},"end":{"line":32,"column":18}},{"start":{"line":32,"column":23},"end":{"line":32,"column":34}},{"start":{"line":32,"column":38},"end":{"line":32,"column":46}}],"line":32},"4":{"loc":{"start":{"line":34,"column":11},"end":{"line":53,"column":11}},"type":"binary-expr","locations":[{"start":{"line":34,"column":11},"end":{"line":34,"column":21}},{"start":{"line":35,"column":12},"end":{"line":52,"column":15}}],"line":34},"5":{"loc":{"start":{"line":36,"column":15},"end":{"line":41,"column":15}},"type":"binary-expr","locations":[{"start":{"line":36,"column":15},"end":{"line":36,"column":26}},{"start":{"line":37,"column":16},"end":{"line":40,"column":21}}],"line":36},"6":{"loc":{"start":{"line":55,"column":36},"end":{"line":55,"column":47}},"type":"binary-expr","locations":[{"start":{"line":55,"column":36},"end":{"line":55,"column":41}},{"start":{"line":55,"column":45},"end":{"line":55,"column":47}}],"line":55},"7":{"loc":{"start":{"line":59,"column":21},"end":{"line":59,"column":49}},"type":"cond-expr","locations":[{"start":{"line":59,"column":33},"end":{"line":59,"column":39}},{"start":{"line":59,"column":42},"end":{"line":59,"column":49}}],"line":59}},"s":{"0":4,"1":23,"2":23,"3":23,"4":3,"5":3,"6":3,"7":3,"8":3,"9":23,"10":1,"11":8,"12":2,"13":4,"14":4,"15":4,"16":23,"17":4,"18":4,"19":0},"f":{"0":23,"1":3,"2":1,"3":8,"4":2,"5":4,"6":23,"7":0},"b":{"0":[0],"1":[23,9],"2":[19,4],"3":[23,20,12],"4":[23,4],"5":[4,4],"6":[23,20],"7":[19,4]},"_coverageSchema":"1a1c01bbd47fc00a2c39e90264f33305004495a9","hash":"4ecd6f14d3556bb4a32a4775d688eb12ac8ddf22"}
,"/Users/charlotte/FORMATION OCR/Projet 10/Debuggez-une-application-React.JS/src/containers/Events/index.js": {"path":"/Users/charlotte/FORMATION OCR/Projet 10/Debuggez-une-application-React.JS/src/containers/Events/index.js","statementMap":{"0":{"start":{"line":10,"column":17},"end":{"line":10,"column":18}},"1":{"start":{"line":12,"column":18},"end":{"line":79,"column":1}},"2":{"start":{"line":13,"column":26},"end":{"line":13,"column":35}},"3":{"start":{"line":14,"column":26},"end":{"line":14,"column":40}},"4":{"start":{"line":15,"column":40},"end":{"line":15,"column":51}},"5":{"start":{"line":16,"column":25},"end":{"line":31,"column":4}},"6":{"start":{"line":21,"column":4},"end":{"line":29,"column":5}},"7":{"start":{"line":26,"column":6},"end":{"line":28,"column":7}},"8":{"start":{"line":27,"column":8},"end":{"line":27,"column":20}},"9":{"start":{"line":30,"column":4},"end":{"line":30,"column":17}},"10":{"start":{"line":32,"column":21},"end":{"line":35,"column":3}},"11":{"start":{"line":33,"column":4},"end":{"line":33,"column":22}},"12":{"start":{"line":34,"column":4},"end":{"line":34,"column":21}},"13":{"start":{"line":36,"column":21},"end":{"line":36,"column":77}},"14":{"start":{"line":37,"column":19},"end":{"line":37,"column":67}},"15":{"start":{"line":37,"column":55},"end":{"line":37,"column":65}},"16":{"start":{"line":39,"column":2},"end":{"line":78,"column":4}},"17":{"start":{"line":49,"column":33},"end":{"line":49,"column":50}},"18":{"start":{"line":54,"column":14},"end":{"line":64,"column":22}},"19":{"start":{"line":56,"column":18},"end":{"line":62,"column":20}},"20":{"start":{"line":57,"column":35},"end":{"line":57,"column":52}},"21":{"start":{"line":70,"column":14},"end":{"line":72,"column":18}},"22":{"start":{"line":70,"column":55},"end":{"line":70,"column":76}}},"fnMap":{"0":{"name":"(anonymous_0)","decl":{"start":{"line":12,"column":18},"end":{"line":12,"column":19}},"loc":{"start":{"line":12,"column":24},"end":{"line":79,"column":1}},"line":12},"1":{"name":"(anonymous_1)","decl":{"start":{"line":20,"column":11},"end":{"line":20,"column":12}},"loc":{"start":{"line":20,"column":29},"end":{"line":31,"column":3}},"line":20},"2":{"name":"(anonymous_2)","decl":{"start":{"line":32,"column":21},"end":{"line":32,"column":22}},"loc":{"start":{"line":32,"column":34},"end":{"line":35,"column":3}},"line":32},"3":{"name":"(anonymous_3)","decl":{"start":{"line":37,"column":44},"end":{"line":37,"column":45}},"loc":{"start":{"line":37,"column":55},"end":{"line":37,"column":65}},"line":37},"4":{"name":"(anonymous_4)","decl":{"start":{"line":49,"column":22},"end":{"line":49,"column":23}},"loc":{"start":{"line":49,"column":33},"end":{"line":49,"column":50}},"line":49},"5":{"name":"(anonymous_5)","decl":{"start":{"line":53,"column":32},"end":{"line":53,"column":33}},"loc":{"start":{"line":54,"column":14},"end":{"line":64,"column":22}},"line":54},"6":{"name":"(anonymous_6)","decl":{"start":{"line":55,"column":17},"end":{"line":55,"column":18}},"loc":{"start":{"line":56,"column":18},"end":{"line":62,"column":20}},"line":56},"7":{"name":"(anonymous_7)","decl":{"start":{"line":57,"column":29},"end":{"line":57,"column":30}},"loc":{"start":{"line":57,"column":35},"end":{"line":57,"column":52}},"line":57},"8":{"name":"(anonymous_8)","decl":{"start":{"line":68,"column":45},"end":{"line":68,"column":46}},"loc":{"start":{"line":70,"column":14},"end":{"line":72,"column":18}},"line":70},"9":{"name":"(anonymous_9)","decl":{"start":{"line":70,"column":49},"end":{"line":70,"column":50}},"loc":{"start":{"line":70,"column":55},"end":{"line":70,"column":76}},"line":70}},"branchMap":{"0":{"loc":{"start":{"line":17,"column":4},"end":{"line":19,"column":27}},"type":"binary-expr","locations":[{"start":{"line":17,"column":5},"end":{"line":19,"column":20}},{"start":{"line":19,"column":25},"end":{"line":19,"column":27}}],"line":17},"1":{"loc":{"start":{"line":17,"column":5},"end":{"line":19,"column":20}},"type":"cond-expr","locations":[{"start":{"line":18,"column":8},"end":{"line":18,"column":20}},{"start":{"line":19,"column":8},"end":{"line":19,"column":20}}],"line":17},"2":{"loc":{"start":{"line":21,"column":4},"end":{"line":29,"column":5}},"type":"if","locations":[{"start":{"line":21,"column":4},"end":{"line":29,"column":5}},{"start":{},"end":{}}],"line":21},"3":{"loc":{"start":{"line":22,"column":6},"end":{"line":23,"column":36}},"type":"binary-expr","locations":[{"start":{"line":22,"column":6},"end":{"line":22,"column":43}},{"start":{"line":23,"column":6},"end":{"line":23,"column":36}}],"line":22},"4":{"loc":{"start":{"line":26,"column":6},"end":{"line":28,"column":7}},"type":"if","locations":[{"start":{"line":26,"column":6},"end":{"line":28,"column":7}},{"start":{},"end":{}}],"line":26},"5":{"loc":{"start":{"line":26,"column":10},"end":{"line":26,"column":46}},"type":"binary-expr","locations":[{"start":{"line":26,"column":10},"end":{"line":26,"column":23}},{"start":{"line":26,"column":27},"end":{"line":26,"column":46}}],"line":26},"6":{"loc":{"start":{"line":36,"column":33},"end":{"line":36,"column":60}},"type":"binary-expr","locations":[{"start":{"line":36,"column":33},"end":{"line":36,"column":55}},{"start":{"line":36,"column":59},"end":{"line":36,"column":60}}],"line":36},"7":{"loc":{"start":{"line":41,"column":7},"end":{"line":41,"column":43}},"type":"binary-expr","locations":[{"start":{"line":41,"column":7},"end":{"line":41,"column":12}},{"start":{"line":41,"column":16},"end":{"line":41,"column":43}}],"line":41},"8":{"loc":{"start":{"line":42,"column":7},"end":{"line":76,"column":7}},"type":"cond-expr","locations":[{"start":{"line":43,"column":8},"end":{"line":43,"column":17}},{"start":{"line":45,"column":8},"end":{"line":75,"column":11}}],"line":42},"9":{"loc":{"start":{"line":68,"column":23},"end":{"line":68,"column":38}},"type":"binary-expr","locations":[{"start":{"line":68,"column":23},"end":{"line":68,"column":33}},{"start":{"line":68,"column":37},"end":{"line":68,"column":38}}],"line":68}},"s":{"0":2,"1":2,"2":5,"3":5,"4":5,"5":5,"6":4,"7":4,"8":3,"9":1,"10":5,"11":1,"12":1,"13":5,"14":5,"15":4,"16":5,"17":1,"18":3,"19":3,"20":0,"21":4,"22":0},"f":{"0":5,"1":4,"2":1,"3":4,"4":1,"5":3,"6":3,"7":0,"8":4,"9":0},"b":{"0":[5,3],"1":[4,1],"2":[4,0],"3":[4,4],"4":[3,1],"5":[4,2],"6":[5,3],"7":[5,0],"8":[1,4],"9":[4,0]},"_coverageSchema":"1a1c01bbd47fc00a2c39e90264f33305004495a9","hash":"f4c6d136bfefd2e42f41ce32f95d7f82085a5c1a"}
,"/Users/charlotte/FORMATION OCR/Projet 10/Debuggez-une-application-React.JS/src/containers/Form/index.js": {"path":"/Users/charlotte/FORMATION OCR/Projet 10/Debuggez-une-application-React.JS/src/containers/Form/index.js","statementMap":{"0":{"start":{"line":7,"column":23},"end":{"line":7,"column":84}},"1":{"start":{"line":7,"column":29},"end":{"line":7,"column":84}},"2":{"start":{"line":7,"column":56},"end":{"line":7,"column":81}},"3":{"start":{"line":10,"column":13},"end":{"line":56,"column":1}},"4":{"start":{"line":11,"column":32},"end":{"line":11,"column":47}},"5":{"start":{"line":12,"column":22},"end":{"line":27,"column":3}},"6":{"start":{"line":14,"column":6},"end":{"line":14,"column":27}},"7":{"start":{"line":15,"column":6},"end":{"line":15,"column":23}},"8":{"start":{"line":17,"column":6},"end":{"line":23,"column":7}},"9":{"start":{"line":18,"column":8},"end":{"line":18,"column":31}},"10":{"start":{"line":19,"column":8},"end":{"line":19,"column":20}},"11":{"start":{"line":20,"column":8},"end":{"line":20,"column":25}},"12":{"start":{"line":22,"column":8},"end":{"line":22,"column":21}},"13":{"start":{"line":24,"column":6},"end":{"line":24,"column":24}},"14":{"start":{"line":28,"column":2},"end":{"line":55,"column":4}},"15":{"start":{"line":36,"column":28},"end":{"line":36,"column":32}},"16":{"start":{"line":58,"column":0},"end":{"line":61,"column":1}},"17":{"start":{"line":63,"column":0},"end":{"line":66,"column":1}},"18":{"start":{"line":64,"column":17},"end":{"line":64,"column":21}},"19":{"start":{"line":65,"column":19},"end":{"line":65,"column":23}}},"fnMap":{"0":{"name":"(anonymous_0)","decl":{"start":{"line":7,"column":23},"end":{"line":7,"column":24}},"loc":{"start":{"line":7,"column":29},"end":{"line":7,"column":84}},"line":7},"1":{"name":"(anonymous_1)","decl":{"start":{"line":7,"column":41},"end":{"line":7,"column":42}},"loc":{"start":{"line":7,"column":54},"end":{"line":7,"column":83}},"line":7},"2":{"name":"(anonymous_2)","decl":{"start":{"line":10,"column":13},"end":{"line":10,"column":14}},"loc":{"start":{"line":10,"column":41},"end":{"line":56,"column":1}},"line":10},"3":{"name":"(anonymous_3)","decl":{"start":{"line":13,"column":4},"end":{"line":13,"column":5}},"loc":{"start":{"line":13,"column":19},"end":{"line":25,"column":5}},"line":13},"4":{"name":"(anonymous_4)","decl":{"start":{"line":36,"column":22},"end":{"line":36,"column":23}},"loc":{"start":{"line":36,"column":28},"end":{"line":36,"column":32}},"line":36},"5":{"name":"(anonymous_5)","decl":{"start":{"line":64,"column":11},"end":{"line":64,"column":12}},"loc":{"start":{"line":64,"column":17},"end":{"line":64,"column":21}},"line":64},"6":{"name":"(anonymous_6)","decl":{"start":{"line":65,"column":13},"end":{"line":65,"column":14}},"loc":{"start":{"line":65,"column":19},"end":{"line":65,"column":23}},"line":65}},"branchMap":{"0":{"loc":{"start":{"line":43,"column":13},"end":{"line":43,"column":45}},"type":"cond-expr","locations":[{"start":{"line":43,"column":23},"end":{"line":43,"column":33}},{"start":{"line":43,"column":36},"end":{"line":43,"column":45}}],"line":43}},"s":{"0":2,"1":2,"2":2,"3":2,"4":8,"5":8,"6":2,"7":2,"8":2,"9":2,"10":2,"11":2,"12":0,"13":2,"14":8,"15":0,"16":2,"17":2,"18":0,"19":0},"f":{"0":2,"1":2,"2":8,"3":2,"4":0,"5":0,"6":0},"b":{"0":[2,6]},"_coverageSchema":"1a1c01bbd47fc00a2c39e90264f33305004495a9","hash":"d3fd56643202b2a1cf08fcac553206a72b568693"}
,"/Users/charlotte/FORMATION OCR/Projet 10/Debuggez-une-application-React.JS/src/containers/Slider/index.js": {"path":"/Users/charlotte/FORMATION OCR/Projet 10/Debuggez-une-application-React.JS/src/containers/Slider/index.js","statementMap":{"0":{"start":{"line":7,"column":15},"end":{"line":60,"column":1}},"1":{"start":{"line":8,"column":19},"end":{"line":8,"column":28}},"2":{"start":{"line":10,"column":28},"end":{"line":10,"column":39}},"3":{"start":{"line":11,"column":21},"end":{"line":13,"column":3}},"4":{"start":{"line":12,"column":4},"end":{"line":12,"column":54}},"5":{"start":{"line":14,"column":19},"end":{"line":20,"column":3}},"6":{"start":{"line":15,"column":4},"end":{"line":19,"column":8}},"7":{"start":{"line":16,"column":6},"end":{"line":19,"column":8}},"8":{"start":{"line":17,"column":14},"end":{"line":17,"column":69}},"9":{"start":{"line":21,"column":2},"end":{"line":23,"column":5}},"10":{"start":{"line":22,"column":4},"end":{"line":22,"column":15}},"11":{"start":{"line":25,"column":2},"end":{"line":59,"column":4}},"12":{"start":{"line":28,"column":8},"end":{"line":56,"column":14}},"13":{"start":{"line":46,"column":16},"end":{"line":52,"column":18}}},"fnMap":{"0":{"name":"(anonymous_0)","decl":{"start":{"line":7,"column":15},"end":{"line":7,"column":16}},"loc":{"start":{"line":7,"column":21},"end":{"line":60,"column":1}},"line":7},"1":{"name":"(anonymous_1)","decl":{"start":{"line":11,"column":38},"end":{"line":11,"column":39}},"loc":{"start":{"line":12,"column":4},"end":{"line":12,"column":54}},"line":12},"2":{"name":"(anonymous_2)","decl":{"start":{"line":14,"column":19},"end":{"line":14,"column":20}},"loc":{"start":{"line":14,"column":25},"end":{"line":20,"column":3}},"line":14},"3":{"name":"(anonymous_3)","decl":{"start":{"line":17,"column":8},"end":{"line":17,"column":9}},"loc":{"start":{"line":17,"column":14},"end":{"line":17,"column":69}},"line":17},"4":{"name":"(anonymous_4)","decl":{"start":{"line":21,"column":12},"end":{"line":21,"column":13}},"loc":{"start":{"line":21,"column":18},"end":{"line":23,"column":3}},"line":21},"5":{"name":"(anonymous_5)","decl":{"start":{"line":27,"column":23},"end":{"line":27,"column":24}},"loc":{"start":{"line":28,"column":8},"end":{"line":56,"column":14}},"line":28},"6":{"name":"(anonymous_6)","decl":{"start":{"line":45,"column":30},"end":{"line":45,"column":31}},"loc":{"start":{"line":46,"column":16},"end":{"line":52,"column":18}},"line":46}},"branchMap":{"0":{"loc":{"start":{"line":12,"column":4},"end":{"line":12,"column":54}},"type":"cond-expr","locations":[{"start":{"line":12,"column":48},"end":{"line":12,"column":50}},{"start":{"line":12,"column":53},"end":{"line":12,"column":54}}],"line":12},"1":{"loc":{"start":{"line":15,"column":4},"end":{"line":19,"column":8}},"type":"if","locations":[{"start":{"line":15,"column":4},"end":{"line":19,"column":8}},{"start":{},"end":{}}],"line":15},"2":{"loc":{"start":{"line":17,"column":23},"end":{"line":17,"column":68}},"type":"cond-expr","locations":[{"start":{"line":17,"column":55},"end":{"line":17,"column":64}},{"start":{"line":17,"column":67},"end":{"line":17,"column":68}}],"line":17},"3":{"loc":{"start":{"line":30,"column":47},"end":{"line":30,"column":81}},"type":"cond-expr","locations":[{"start":{"line":30,"column":63},"end":{"line":30,"column":72}},{"start":{"line":30,"column":75},"end":{"line":30,"column":81}}],"line":30}},"s":{"0":2,"1":4,"2":4,"3":4,"4":4,"5":4,"6":4,"7":1,"8":0,"9":4,"10":4,"11":4,"12":3,"13":9},"f":{"0":4,"1":4,"2":4,"3":0,"4":4,"5":3,"6":9},"b":{"0":[3,1],"1":[1,3],"2":[0,0],"3":[1,2]},"_coverageSchema":"1a1c01bbd47fc00a2c39e90264f33305004495a9","hash":"2cc8f95c27b64a3b7f6f01268fc8f2a6936c25cd"}
,"/Users/charlotte/FORMATION OCR/Projet 10/Debuggez-une-application-React.JS/src/contexts/DataContext/index.js": {"path":"/Users/charlotte/FORMATION OCR/Projet 10/Debuggez-une-application-React.JS/src/contexts/DataContext/index.js","statementMap":{"0":{"start":{"line":10,"column":20},"end":{"line":10,"column":37}},"1":{"start":{"line":12,"column":19},"end":{"line":17,"column":1}},"2":{"start":{"line":14,"column":17},"end":{"line":14,"column":44}},"3":{"start":{"line":15,"column":4},"end":{"line":15,"column":23}},"4":{"start":{"line":19,"column":28},"end":{"line":45,"column":1}},"5":{"start":{"line":20,"column":28},"end":{"line":20,"column":42}},"6":{"start":{"line":21,"column":26},"end":{"line":21,"column":40}},"7":{"start":{"line":22,"column":18},"end":{"line":28,"column":8}},"8":{"start":{"line":23,"column":4},"end":{"line":27,"column":5}},"9":{"start":{"line":24,"column":6},"end":{"line":24,"column":36}},"10":{"start":{"line":26,"column":6},"end":{"line":26,"column":20}},"11":{"start":{"line":29,"column":2},"end":{"line":32,"column":5}},"12":{"start":{"line":30,"column":4},"end":{"line":30,"column":21}},"13":{"start":{"line":30,"column":14},"end":{"line":30,"column":21}},"14":{"start":{"line":31,"column":4},"end":{"line":31,"column":14}},"15":{"start":{"line":34,"column":2},"end":{"line":44,"column":4}},"16":{"start":{"line":47,"column":0},"end":{"line":49,"column":1}},"17":{"start":{"line":51,"column":23},"end":{"line":51,"column":52}},"18":{"start":{"line":51,"column":29},"end":{"line":51,"column":52}}},"fnMap":{"0":{"name":"(anonymous_0)","decl":{"start":{"line":13,"column":12},"end":{"line":13,"column":13}},"loc":{"start":{"line":13,"column":24},"end":{"line":16,"column":3}},"line":13},"1":{"name":"(anonymous_1)","decl":{"start":{"line":19,"column":28},"end":{"line":19,"column":29}},"loc":{"start":{"line":19,"column":46},"end":{"line":45,"column":1}},"line":19},"2":{"name":"(anonymous_2)","decl":{"start":{"line":22,"column":30},"end":{"line":22,"column":31}},"loc":{"start":{"line":22,"column":42},"end":{"line":28,"column":3}},"line":22},"3":{"name":"(anonymous_3)","decl":{"start":{"line":29,"column":12},"end":{"line":29,"column":13}},"loc":{"start":{"line":29,"column":18},"end":{"line":32,"column":3}},"line":29},"4":{"name":"(anonymous_4)","decl":{"start":{"line":51,"column":23},"end":{"line":51,"column":24}},"loc":{"start":{"line":51,"column":29},"end":{"line":51,"column":52}},"line":51}},"branchMap":{"0":{"loc":{"start":{"line":30,"column":4},"end":{"line":30,"column":21}},"type":"if","locations":[{"start":{"line":30,"column":4},"end":{"line":30,"column":21}},{"start":{},"end":{}}],"line":30}},"s":{"0":4,"1":4,"2":0,"3":0,"4":4,"5":9,"6":9,"7":9,"8":6,"9":6,"10":2,"11":9,"12":9,"13":3,"14":6,"15":9,"16":4,"17":4,"18":16},"f":{"0":0,"1":9,"2":6,"3":9,"4":16},"b":{"0":[3,6]},"_coverageSchema":"1a1c01bbd47fc00a2c39e90264f33305004495a9","hash":"667ce1f6d2e8c9a689ba5f5ccae4cf5cfe48497c"}
,"/Users/charlotte/FORMATION OCR/Projet 10/Debuggez-une-application-React.JS/src/helpers/Date/index.js": {"path":"/Users/charlotte/FORMATION OCR/Projet 10/Debuggez-une-application-React.JS/src/helpers/Date/index.js","statementMap":{"0":{"start":{"line":1,"column":22},"end":{"line":14,"column":1}},"1":{"start":{"line":16,"column":24},"end":{"line":16,"column":59}},"2":{"start":{"line":16,"column":34},"end":{"line":16,"column":59}}},"fnMap":{"0":{"name":"(anonymous_0)","decl":{"start":{"line":16,"column":24},"end":{"line":16,"column":25}},"loc":{"start":{"line":16,"column":34},"end":{"line":16,"column":59}},"line":16}},"branchMap":{},"s":{"0":4,"1":4,"2":9},"f":{"0":9},"b":{},"_coverageSchema":"1a1c01bbd47fc00a2c39e90264f33305004495a9","hash":"571fc7a6b10cb7c6e3ba1c9bc068f337f66516a6"}
,"/Users/charlotte/FORMATION OCR/Projet 10/Debuggez-une-application-React.JS/src/pages/Home/index.js": {"path":"/Users/charlotte/FORMATION OCR/Projet 10/Debuggez-une-application-React.JS/src/pages/Home/index.js","statementMap":{"0":{"start":{"line":15,"column":13},"end":{"line":172,"column":1}},"1":{"start":{"line":16,"column":19},"end":{"line":16,"column":28}},"2":{"start":{"line":19,"column":20},"end":{"line":23,"column":4}},"3":{"start":{"line":20,"column":21},"end":{"line":20,"column":45}},"4":{"start":{"line":21,"column":24},"end":{"line":21,"column":51}},"5":{"start":{"line":22,"column":4},"end":{"line":22,"column":61}},"6":{"start":{"line":26,"column":2},"end":{"line":171,"column":5}},"7":{"start":{"line":117,"column":12},"end":{"line":120,"column":14}},"8":{"start":{"line":118,"column":31},"end":{"line":118,"column":48}},"9":{"start":{"line":119,"column":29},"end":{"line":119,"column":33}}},"fnMap":{"0":{"name":"(anonymous_0)","decl":{"start":{"line":15,"column":13},"end":{"line":15,"column":14}},"loc":{"start":{"line":15,"column":19},"end":{"line":172,"column":1}},"line":15},"1":{"name":"(anonymous_1)","decl":{"start":{"line":19,"column":40},"end":{"line":19,"column":41}},"loc":{"start":{"line":19,"column":69},"end":{"line":23,"column":3}},"line":19},"2":{"name":"(anonymous_2)","decl":{"start":{"line":116,"column":11},"end":{"line":116,"column":12}},"loc":{"start":{"line":117,"column":12},"end":{"line":120,"column":14}},"line":117},"3":{"name":"(anonymous_3)","decl":{"start":{"line":118,"column":25},"end":{"line":118,"column":26}},"loc":{"start":{"line":118,"column":31},"end":{"line":118,"column":48}},"line":118},"4":{"name":"(anonymous_4)","decl":{"start":{"line":119,"column":23},"end":{"line":119,"column":24}},"loc":{"start":{"line":119,"column":29},"end":{"line":119,"column":33}},"line":119}},"branchMap":{"0":{"loc":{"start":{"line":22,"column":11},"end":{"line":22,"column":60}},"type":"cond-expr","locations":[{"start":{"line":22,"column":36},"end":{"line":22,"column":48}},{"start":{"line":22,"column":51},"end":{"line":22,"column":60}}],"line":22},"1":{"loc":{"start":{"line":127,"column":9},"end":{"line":138,"column":9}},"type":"binary-expr","locations":[{"start":{"line":127,"column":9},"end":{"line":127,"column":18}},{"start":{"line":128,"column":10},"end":{"line":137,"column":16}}],"line":127}},"s":{"0":1,"1":2,"2":2,"3":0,"4":0,"5":0,"6":2,"7":3,"8":1,"9":0},"f":{"0":2,"1":0,"2":3,"3":1,"4":0},"b":{"0":[0,0],"1":[2,0]},"_coverageSchema":"1a1c01bbd47fc00a2c39e90264f33305004495a9","hash":"6a1071d3a9c48a56260ecaa58a33fc3f05a8e73f"}
}
