TN:
SF:src/components/Select/index.js
FN:8,(anonymous_0)
FN:18,(anonymous_1)
FN:37,(anonymous_2)
FN:42,(anonymous_3)
FN:43,(anonymous_4)
FN:60,(anonymous_5)
FN:72,(anonymous_6)
FN:97,(anonymous_7)
FNF:8
FNH:7
FNDA:23,(anonymous_0)
FNDA:3,(anonymous_1)
FNDA:1,(anonymous_2)
FNDA:8,(anonymous_3)
FNDA:2,(anonymous_4)
FNDA:4,(anonymous_5)
FNDA:23,(anonymous_6)
FNDA:0,(anonymous_7)
DA:8,4
DA:16,23
DA:17,23
DA:18,23
DA:19,3
DA:20,3
DA:21,3
DA:22,3
DA:23,3
DA:26,23
DA:37,1
DA:43,8
DA:61,4
DA:62,4
DA:72,4
DA:73,23
DA:87,4
DA:96,4
DA:97,0
LF:19
LH:18
BRDA:14,0,0,0
BRDA:28,1,0,23
BRDA:28,1,1,9
BRDA:31,2,0,19
BRDA:31,2,1,4
BRDA:32,3,0,23
BRDA:32,3,1,20
BRDA:32,3,2,12
BRDA:34,4,0,23
BRDA:34,4,1,4
BRDA:36,5,0,4
BRDA:36,5,1,4
BRDA:55,6,0,23
BRDA:55,6,1,20
BRDA:59,7,0,19
BRDA:59,7,1,4
BRF:16
BRH:15
end_of_record
TN:
SF:src/containers/Events/index.js
FN:12,(anonymous_0)
FN:20,(anonymous_1)
FN:32,(anonymous_2)
FN:37,(anonymous_3)
FN:49,(anonymous_4)
FN:53,(anonymous_5)
FN:55,(anonymous_6)
FN:57,(anonymous_7)
FN:68,(anonymous_8)
FN:70,(anonymous_9)
FNF:10
FNH:8
FNDA:5,(anonymous_0)
FNDA:4,(anonymous_1)
FNDA:1,(anonymous_2)
FNDA:4,(anonymous_3)
FNDA:1,(anonymous_4)
FNDA:3,(anonymous_5)
FNDA:3,(anonymous_6)
FNDA:0,(anonymous_7)
FNDA:4,(anonymous_8)
FNDA:0,(anonymous_9)
DA:10,2
DA:12,2
DA:13,5
DA:14,5
DA:15,5
DA:16,5
DA:21,4
DA:26,4
DA:27,3
DA:30,1
DA:32,5
DA:33,1
DA:34,1
DA:36,5
DA:37,5
DA:39,5
DA:49,1
DA:54,3
DA:56,3
DA:57,0
DA:70,4
LF:21
LH:20
BRDA:17,0,0,5
BRDA:17,0,1,3
BRDA:17,1,0,4
BRDA:17,1,1,1
BRDA:21,2,0,4
BRDA:21,2,1,0
BRDA:22,3,0,4
BRDA:22,3,1,4
BRDA:26,4,0,3
BRDA:26,4,1,1
BRDA:26,5,0,4
BRDA:26,5,1,2
BRDA:36,6,0,5
BRDA:36,6,1,3
BRDA:41,7,0,5
BRDA:41,7,1,0
BRDA:42,8,0,1
BRDA:42,8,1,4
BRDA:68,9,0,4
BRDA:68,9,1,0
BRF:20
BRH:17
end_of_record
TN:
SF:src/containers/Form/index.js
FN:7,(anonymous_0)
FN:7,(anonymous_1)
FN:10,(anonymous_2)
FN:13,(anonymous_3)
FN:36,(anonymous_4)
FN:64,(anonymous_5)
FN:65,(anonymous_6)
FNF:7
FNH:4
FNDA:2,(anonymous_0)
FNDA:2,(anonymous_1)
FNDA:8,(anonymous_2)
FNDA:2,(anonymous_3)
FNDA:0,(anonymous_4)
FNDA:0,(anonymous_5)
FNDA:0,(anonymous_6)
DA:7,2
DA:10,2
DA:11,8
DA:12,8
DA:14,2
DA:15,2
DA:17,2
DA:18,2
DA:19,2
DA:20,2
DA:22,0
DA:24,2
DA:28,8
DA:36,0
DA:58,2
DA:63,2
DA:64,0
DA:65,0
LF:18
LH:14
BRDA:43,0,0,2
BRDA:43,0,1,6
BRF:2
BRH:2
end_of_record
TN:
SF:src/containers/Slider/index.js
FN:7,(anonymous_0)
FN:11,(anonymous_1)
FN:14,(anonymous_2)
FN:17,(anonymous_3)
FN:21,(anonymous_4)
FN:27,(anonymous_5)
FN:45,(anonymous_6)
FNF:7
FNH:6
FNDA:4,(anonymous_0)
FNDA:4,(anonymous_1)
FNDA:4,(anonymous_2)
FNDA:0,(anonymous_3)
FNDA:4,(anonymous_4)
FNDA:3,(anonymous_5)
FNDA:9,(anonymous_6)
DA:7,2
DA:8,4
DA:10,4
DA:11,4
DA:12,4
DA:14,4
DA:15,4
DA:16,1
DA:17,0
DA:21,4
DA:22,4
DA:25,4
DA:28,3
DA:46,9
LF:14
LH:13
BRDA:12,0,0,3
BRDA:12,0,1,1
BRDA:15,1,0,1
BRDA:15,1,1,3
BRDA:17,2,0,0
BRDA:17,2,1,0
BRDA:30,3,0,1
BRDA:30,3,1,2
BRF:8
BRH:6
end_of_record
TN:
SF:src/contexts/DataContext/index.js
FN:13,(anonymous_0)
FN:19,(anonymous_1)
FN:22,(anonymous_2)
FN:29,(anonymous_3)
FN:51,(anonymous_4)
FNF:5
FNH:4
FNDA:0,(anonymous_0)
FNDA:9,(anonymous_1)
FNDA:6,(anonymous_2)
FNDA:9,(anonymous_3)
FNDA:16,(anonymous_4)
DA:10,4
DA:12,4
DA:14,0
DA:15,0
DA:19,4
DA:20,9
DA:21,9
DA:22,9
DA:23,6
DA:24,6
DA:26,2
DA:29,9
DA:30,9
DA:31,6
DA:34,9
DA:47,4
DA:51,16
LF:17
LH:15
BRDA:30,0,0,3
BRDA:30,0,1,6
BRF:2
BRH:2
end_of_record
TN:
SF:src/helpers/Date/index.js
FN:16,(anonymous_0)
FNF:1
FNH:1
FNDA:9,(anonymous_0)
DA:1,4
DA:16,9
LF:2
LH:2
BRF:0
BRH:0
end_of_record
TN:
SF:src/pages/Home/index.js
FN:15,(anonymous_0)
FN:19,(anonymous_1)
FN:116,(anonymous_2)
FN:118,(anonymous_3)
FN:119,(anonymous_4)
FNF:5
FNH:3
FNDA:2,(anonymous_0)
FNDA:0,(anonymous_1)
FNDA:3,(anonymous_2)
FNDA:1,(anonymous_3)
FNDA:0,(anonymous_4)
DA:15,1
DA:16,2
DA:19,2
DA:20,0
DA:21,0
DA:22,0
DA:26,2
DA:117,3
DA:118,1
DA:119,0
LF:10
LH:6
BRDA:22,0,0,0
BRDA:22,0,1,0
BRDA:127,1,0,2
BRDA:127,1,1,0
BRF:4
BRH:1
end_of_record
